<?xml version="1.0" encoding="UTF-8"?>
<testng-results ignored="0" total="1" passed="1" failed="0" skipped="0">
  <reporter-output>
  </reporter-output>
  <suite started-at="2025-02-12T16:29:02 IST" name="Surefire suite" finished-at="2025-02-12T16:29:02 IST" duration-ms="90">
    <groups>
    </groups>
    <test started-at="2025-02-12T16:29:02 IST" name="Surefire test" finished-at="2025-02-12T16:29:02 IST" duration-ms="90">
      <class name="com.example.calculator.CalculatorTest">
        <test-method signature="testAdd()[pri:0, instance:com.example.calculator.CalculatorTest@18a70f16]" started-at="2025-02-12T16:29:02 IST" name="testAdd" finished-at="2025-02-12T16:29:02 IST" duration-ms="18" status="PASS">
          <reporter-output>
          </reporter-output>
        </test-method> <!-- testAdd -->
      </class> <!-- com.example.calculator.CalculatorTest -->
    </test> <!-- Surefire test -->
  </suite> <!-- Surefire suite -->
</testng-results>
